<?xml version="1.0" encoding="UTF-8"?>
<!-- Generated by org.testng.reporters.JUnitXMLReporter -->
<testsuite ignored="1" hostname="DESKTOP-RJTB1K6" failures="1" tests="26" name="SCRUM-32 test" time="41.146" errors="0" timestamp="2025-04-14T19:24:42 GMT-05:00">
  <testcase classname="Test.LoginTest" name="AddtocartPage" time="12.857">
    <failure type="org.openqa.selenium.ElementNotInteractableException" message="element not interactable
  (Session info: chrome=135.0.7049.85)
Build info: version: &amp;apos;4.30.0&amp;apos;, revision: &amp;apos;509c7f17cc*&amp;apos;
System info: os.name: &amp;apos;Windows 11&amp;apos;, os.arch: &amp;apos;amd64&amp;apos;, os.version: &amp;apos;10.0&amp;apos;, java.version: &amp;apos;23.0.1&amp;apos;
Driver info: org.openqa.selenium.chrome.ChromeDriver
Command: [b046877c01fbc344e312c599f0b21533, clickElement {id=f.BFFC3651110E759686A3BCA8DA398E9A.d.F9F2A40FF528E7544198750C819144DB.e.101}]
Capabilities {acceptInsecureCerts: false, browserName: chrome, browserVersion: 135.0.7049.85, chrome: {chromedriverVersion: 135.0.7049.84 (6c019e560019..., userDataDir: C:\Users\Mohit\AppData\Loca...}, fedcm:accounts: true, goog:chromeOptions: {debuggerAddress: localhost:57075}, networkConnectionEnabled: false, pageLoadStrategy: normal, platformName: windows, proxy: Proxy(), se:cdp: ws://localhost:57075/devtoo..., se:cdpVersion: 135.0.7049.85, setWindowRect: true, strictFileInteractability: false, timeouts: {implicit: 0, pageLoad: 300000, script: 30000}, unhandledPromptBehavior: dismiss and notify, webauthn:extension:credBlob: true, webauthn:extension:largeBlob: true, webauthn:extension:minPinLength: true, webauthn:extension:prf: true, webauthn:virtualAuthenticators: true}
Element: [[ChromeDriver: chrome on windows (b046877c01fbc344e312c599f0b21533)] -&amp;gt; xpath: (//img[@title=&amp;apos;Show details for Blue Jeans&amp;apos;])[1]]
Session ID: b046877c01fbc344e312c599f0b21533">
      <![CDATA[org.openqa.selenium.ElementNotInteractableException: element not interactable
  (Session info: chrome=135.0.7049.85)
Build info: version: '4.30.0', revision: '509c7f17cc*'
System info: os.name: 'Windows 11', os.arch: 'amd64', os.version: '10.0', java.version: '23.0.1'
Driver info: org.openqa.selenium.chrome.ChromeDriver
Command: [b046877c01fbc344e312c599f0b21533, clickElement {id=f.BFFC3651110E759686A3BCA8DA398E9A.d.F9F2A40FF528E7544198750C819144DB.e.101}]
Capabilities {acceptInsecureCerts: false, browserName: chrome, browserVersion: 135.0.7049.85, chrome: {chromedriverVersion: 135.0.7049.84 (6c019e560019..., userDataDir: C:\Users\Mohit\AppData\Loca...}, fedcm:accounts: true, goog:chromeOptions: {debuggerAddress: localhost:57075}, networkConnectionEnabled: false, pageLoadStrategy: normal, platformName: windows, proxy: Proxy(), se:cdp: ws://localhost:57075/devtoo..., se:cdpVersion: 135.0.7049.85, setWindowRect: true, strictFileInteractability: false, timeouts: {implicit: 0, pageLoad: 300000, script: 30000}, unhandledPromptBehavior: dismiss and notify, webauthn:extension:credBlob: true, webauthn:extension:largeBlob: true, webauthn:extension:minPinLength: true, webauthn:extension:prf: true, webauthn:virtualAuthenticators: true}
Element: [[ChromeDriver: chrome on windows (b046877c01fbc344e312c599f0b21533)] -> xpath: (//img[@title='Show details for Blue Jeans'])[1]]
Session ID: b046877c01fbc344e312c599f0b21533
at org.openqa.selenium.remote.ErrorCodec.decode(ErrorCodec.java:167)
at org.openqa.selenium.remote.codec.w3c.W3CHttpResponseCodec.decode(W3CHttpResponseCodec.java:138)
at org.openqa.selenium.remote.codec.w3c.W3CHttpResponseCodec.decode(W3CHttpResponseCodec.java:50)
at org.openqa.selenium.remote.HttpCommandExecutor.execute(HttpCommandExecutor.java:215)
at org.openqa.selenium.remote.service.DriverCommandExecutor.invokeExecute(DriverCommandExecutor.java:216)
at org.openqa.selenium.remote.service.DriverCommandExecutor.execute(DriverCommandExecutor.java:174)
at org.openqa.selenium.remote.RemoteWebDriver.execute(RemoteWebDriver.java:545)
at org.openqa.selenium.remote.RemoteWebElement.execute(RemoteWebElement.java:223)
at org.openqa.selenium.remote.RemoteWebElement.click(RemoteWebElement.java:76)
at Test.LoginTest.AddtocartPage(LoginTest.java:122)
at java.base/java.util.ArrayList.forEach(ArrayList.java:1597)
... Removed 32 stack frames]]>
    </failure>
  </testcase> <!-- AddtocartPage -->
  <testcase classname="Test.TestSet01" name="try1" time="1.086"/>
  <testcase classname="Test.TestSet01" name="try2" time="1.049"/>
  <testcase classname="Test.TestSet01" name="try3" time="1.035"/>
  <testcase classname="Test.TestSet01" name="try4" time="1.017"/>
  <testcase classname="Test.TestSet01" name="try5" time="1.04"/>
  <testcase classname="Test.TestSet02" name="try1" time="1.019"/>
  <testcase classname="Test.TestSet02" name="try2" time="0.932"/>
  <testcase classname="Test.TestSet02" name="try3" time="1.005"/>
  <testcase classname="Test.TestSet02" name="try4" time="0.966"/>
  <testcase classname="Test.TestSet02" name="try5" time="0.907"/>
  <testcase classname="Test.TestSet03" name="try1" time="0.982"/>
  <testcase classname="Test.TestSet03" name="try2" time="1.027"/>
  <testcase classname="Test.TestSet03" name="try3" time="1.035"/>
  <testcase classname="Test.TestSet03" name="try4" time="0.973"/>
  <testcase classname="Test.TestSet03" name="try5" time="1.068"/>
  <testcase classname="Test.TestSet04" name="try1" time="1.037"/>
  <testcase classname="Test.TestSet04" name="try2" time="1.056"/>
  <testcase classname="Test.TestSet04" name="try3" time="0.939"/>
  <testcase classname="Test.TestSet04" name="try4" time="1.027"/>
  <testcase classname="Test.TestSet04" name="try5" time="1.019"/>
  <testcase classname="Test.TestSet05_rerun" name="try1" time="1.007"/>
  <testcase classname="Test.TestSet05_rerun" name="try2" time="1.005"/>
  <testcase classname="Test.TestSet05_rerun" name="try3" time="1.003"/>
  <testcase classname="Test.TestSet05_rerun" name="try4" time="0.96"/>
  <testcase classname="Test.TestSet05_rerun" name="try5" time="0.988"/>
  <testcase classname="Test.LoginTest" name="LoginPage" time="0.0">
    <ignored/>
  </testcase> <!-- LoginPage -->
</testsuite> <!-- SCRUM-32 test -->
