<!DOCTYPE html PUBLIC "-//W3C//DTD XHTML 1.1//EN" "https://www.w3.org/TR/xhtml11/DTD/xhtml11.dtd">
<html xmlns="https://www.w3.org/1999/xhtml">
<head>
<meta http-equiv="content-type" content="text/html; charset=UTF-8"/>
<title>TestNG Report</title>
<style type="text/css">table {margin-bottom:10px;border-collapse:collapse;empty-cells:show}th,td {border:1px solid #009;padding:.25em .5em}th {vertical-align:bottom}td {vertical-align:top}table a {font-weight:bold}.stripe td {background-color: #E6EBF9}.num {text-align:right}.passedodd td {background-color: #3F3}.passedeven td {background-color: #0A0}.skippedodd td {background-color: #DDD}.skippedeven td {background-color: #CCC}.failedodd td,.attn {background-color: #F33}.failedeven td,.stripe .attn {background-color: #D00}.stacktrace {white-space:pre;font-family:monospace}.totop {font-size:85%;text-align:center;border-bottom:2px solid #000}.invisible {display:none}</style>
</head>
<body>
<table>
<tr><th>Test</th><th># Passed</th><th># Skipped</th><th># Retried</th><th># Failed</th><th>Time (ms)</th><th>Included Groups</th><th>Excluded Groups</th></tr>
<tr><th colspan="8">Suite</th></tr>
<tr><td><a href="#t0">SCRUM-35 test</a></td><td class="num">5</td><td class="num">0</td><td class="num">0</td><td class="num">0</td><td class="num">11,742</td><td></td><td></td></tr>
<tr class="stripe"><td><a href="#t1">SCRUM-32 test</a></td><td class="num">0</td><td class="num">0</td><td class="num">0</td><td class="num attn">1</td><td class="num">18,581</td><td></td><td></td></tr>
<tr><td><a href="#t2">SCRUM-36 test</a></td><td class="num">5</td><td class="num">0</td><td class="num">0</td><td class="num">0</td><td class="num">27,035</td><td></td><td></td></tr>
<tr class="stripe"><td><a href="#t3">SCRUM-33 test</a></td><td class="num">4</td><td class="num">0</td><td class="num attn">2</td><td class="num attn">1</td><td class="num">29,314</td><td></td><td></td></tr>
<tr><td><a href="#t4">SCRUM-34 test</a></td><td class="num">5</td><td class="num">0</td><td class="num">0</td><td class="num">0</td><td class="num">30,329</td><td></td><td></td></tr>
<tr class="stripe"><td><a href="#t5">SCRUM-37 test</a></td><td class="num">5</td><td class="num">0</td><td class="num">0</td><td class="num">0</td><td class="num">22,868</td><td></td><td></td></tr>
<tr><th>Total</th><th class="num">24</th><th class="num">0</th><th class="num attn">2</th><th class="num attn">2</th><th class="num">139,869</th><th colspan="2"></th></tr>
</table>
<table id='summary'><thead><tr><th>Class</th><th>Method</th><th>Start</th><th>Time (ms)</th></tr></thead><tbody><tr><th colspan="4">Suite</th></tr></tbody><tbody id="t0"><tr><th colspan="4">SCRUM-35 test &#8212; passed</th></tr><tr class="passedeven"><td rowspan="5">Test.TestSet03</td><td><a href="#m0">try1</a></td><td rowspan="1">1744759129126</td><td rowspan="1">2714</td></tr><tr class="passedeven"><td><a href="#m1">try2</a></td><td rowspan="1">1744759131862</td><td rowspan="1">1324</td></tr><tr class="passedeven"><td><a href="#m2">try3</a></td><td rowspan="1">1744759133191</td><td rowspan="1">2784</td></tr><tr class="passedeven"><td><a href="#m3">try4</a></td><td rowspan="1">1744759135980</td><td rowspan="1">2507</td></tr><tr class="passedeven"><td><a href="#m4">try5</a></td><td rowspan="1">1744759138492</td><td rowspan="1">2269</td></tr></tbody>
<tbody id="t1"><tr><th colspan="4">SCRUM-32 test &#8212; failed</th></tr><tr class="failedeven"><td rowspan="1">Test.LoginTest</td><td><a href="#m5">AddtocartPage</a></td><td rowspan="1">1744759131569</td><td rowspan="1">15096</td></tr></tbody>
<tbody id="t2"><tr><th colspan="4">SCRUM-36 test &#8212; passed</th></tr><tr class="passedeven"><td rowspan="5">Test.TestSet04</td><td><a href="#m6">try1</a></td><td rowspan="1">1744759129127</td><td rowspan="1">7547</td></tr><tr class="passedeven"><td><a href="#m7">try2</a></td><td rowspan="1">1744759136679</td><td rowspan="1">6877</td></tr><tr class="passedeven"><td><a href="#m8">try3</a></td><td rowspan="1">1744759143560</td><td rowspan="1">4911</td></tr><tr class="passedeven"><td><a href="#m9">try4</a></td><td rowspan="1">1744759148483</td><td rowspan="1">3517</td></tr><tr class="passedeven"><td><a href="#m10">try5</a></td><td rowspan="1">1744759152005</td><td rowspan="1">4050</td></tr></tbody>
<tbody id="t3"><tr><th colspan="4">SCRUM-33 test &#8212; failed</th></tr><tr class="failedeven"><td rowspan="1">Test.TestSet01</td><td><a href="#m11">try1</a></td><td rowspan="1">1744759135951</td><td rowspan="1">3488</td></tr><tr><th colspan="4">SCRUM-33 test &#8212; retried</th></tr><tr class="retriedeven"><td rowspan="2">Test.TestSet01</td><td><a href="#m12">try1</a></td><td rowspan="2">1744759129127</td><td rowspan="2">2792</td></tr><tr class="retriedeven"><td><a href="#m13">try1</a></td></tr><tr><th colspan="4">SCRUM-33 test &#8212; passed</th></tr><tr class="passedeven"><td rowspan="4">Test.TestSet01</td><td><a href="#m14">try2</a></td><td rowspan="1">1744759139618</td><td rowspan="1">5425</td></tr><tr class="passedeven"><td><a href="#m15">try3</a></td><td rowspan="1">1744759145045</td><td rowspan="1">4509</td></tr><tr class="passedeven"><td><a href="#m16">try4</a></td><td rowspan="1">1744759149558</td><td rowspan="1">4489</td></tr><tr class="passedeven"><td><a href="#m17">try5</a></td><td rowspan="1">1744759154051</td><td rowspan="1">4282</td></tr></tbody>
<tbody id="t4"><tr><th colspan="4">SCRUM-34 test &#8212; passed</th></tr><tr class="passedeven"><td rowspan="5">Test.TestSet02</td><td><a href="#m18">try1</a></td><td rowspan="1">1744759129127</td><td rowspan="1">10069</td></tr><tr class="passedeven"><td><a href="#m19">try2</a></td><td rowspan="1">1744759139203</td><td rowspan="1">6675</td></tr><tr class="passedeven"><td><a href="#m20">try3</a></td><td rowspan="1">1744759145881</td><td rowspan="1">4910</td></tr><tr class="passedeven"><td><a href="#m21">try4</a></td><td rowspan="1">1744759150794</td><td rowspan="1">4581</td></tr><tr class="passedeven"><td><a href="#m22">try5</a></td><td rowspan="1">1744759155377</td><td rowspan="1">3974</td></tr></tbody>
<tbody id="t5"><tr><th colspan="4">SCRUM-37 test &#8212; passed</th></tr><tr class="passedeven"><td rowspan="5">Test.TestSet05_rerun</td><td><a href="#m23">try1</a></td><td rowspan="1">1744759140793</td><td rowspan="1">4794</td></tr><tr class="passedeven"><td><a href="#m24">try2</a></td><td rowspan="1">1744759145591</td><td rowspan="1">4728</td></tr><tr class="passedeven"><td><a href="#m25">try3</a></td><td rowspan="1">1744759150322</td><td rowspan="1">4514</td></tr><tr class="passedeven"><td><a href="#m26">try4</a></td><td rowspan="1">1744759154838</td><td rowspan="1">4539</td></tr><tr class="passedeven"><td><a href="#m27">try5</a></td><td rowspan="1">1744759159379</td><td rowspan="1">4278</td></tr></tbody>
</table>
<h2>SCRUM-35 test</h2><h3 id="m0">Test.TestSet03#try1</h3><table class="result"><tr class="param"><th>Parameter #1</th><th>Parameter #2</th></tr><tr class="param stripe"><td>chrome</td><td>node1</td></tr></table><p class="totop"><a href="#summary">back to summary</a></p>
<h3 id="m1">Test.TestSet03#try2</h3><table class="result"><tr class="param"><th>Parameter #1</th><th>Parameter #2</th></tr><tr class="param stripe"><td>chrome</td><td>node1</td></tr></table><p class="totop"><a href="#summary">back to summary</a></p>
<h3 id="m2">Test.TestSet03#try3</h3><table class="result"><tr class="param"><th>Parameter #1</th><th>Parameter #2</th></tr><tr class="param stripe"><td>chrome</td><td>node1</td></tr></table><p class="totop"><a href="#summary">back to summary</a></p>
<h3 id="m3">Test.TestSet03#try4</h3><table class="result"><tr class="param"><th>Parameter #1</th><th>Parameter #2</th></tr><tr class="param stripe"><td>chrome</td><td>node1</td></tr></table><p class="totop"><a href="#summary">back to summary</a></p>
<h3 id="m4">Test.TestSet03#try5</h3><table class="result"><tr class="param"><th>Parameter #1</th><th>Parameter #2</th></tr><tr class="param stripe"><td>chrome</td><td>node1</td></tr></table><p class="totop"><a href="#summary">back to summary</a></p>
<h2>SCRUM-32 test</h2><h3 id="m5">Test.LoginTest#AddtocartPage</h3><table class="result"><tr><th>Exception</th></tr><tr><td><div class="stacktrace">org.openqa.selenium.ElementNotInteractableException: element not interactable
  (Session info: chrome=135.0.7049.85)
Build info: version: &apos;4.30.0&apos;, revision: &apos;509c7f17cc*&apos;
System info: os.name: &apos;Windows 11&apos;, os.arch: &apos;amd64&apos;, os.version: &apos;10.0&apos;, java.version: &apos;23.0.1&apos;
Driver info: org.openqa.selenium.remote.RemoteWebDriver
Command: [b9b5c5f2ac4aaf3e1e79651c3a9afe77, clickElement {id=f.59D3AEC0A776393DDD0DE1F7A4149196.d.E5FC52436D3F34C7B0A2D2D4F445F555.e.116}]
Capabilities {acceptInsecureCerts: false, browserName: chrome, browserVersion: 135.0.7049.85, chrome: {chromedriverVersion: 135.0.7049.95 (de2eb485a195..., userDataDir: C:\Users\Mohit\AppData\Loca...}, fedcm:accounts: true, goog:chromeOptions: {debuggerAddress: localhost:50263}, networkConnectionEnabled: false, pageLoadStrategy: normal, platformName: Windows 11, proxy: Proxy(), se:bidiEnabled: false, se:cdp: ws://192.168.1.251:4444/ses..., se:cdpVersion: 135.0.7049.85, se:slotCapability: {node: node1}, setWindowRect: true, strictFileInteractability: false, timeouts: {implicit: 0, pageLoad: 300000, script: 30000}, unhandledPromptBehavior: dismiss and notify, webauthn:extension:credBlob: true, webauthn:extension:largeBlob: true, webauthn:extension:minPinLength: true, webauthn:extension:prf: true, webauthn:virtualAuthenticators: true}
Element: [[RemoteWebDriver: chrome on Windows 11 (b9b5c5f2ac4aaf3e1e79651c3a9afe77)] -&gt; xpath: (//img[@title=&apos;Show details for Blue Jeans&apos;])[1]]
Session ID: b9b5c5f2ac4aaf3e1e79651c3a9afe77
	at org.openqa.selenium.remote.ErrorCodec.decode(ErrorCodec.java:167)
	at org.openqa.selenium.remote.codec.w3c.W3CHttpResponseCodec.decode(W3CHttpResponseCodec.java:138)
	at org.openqa.selenium.remote.codec.w3c.W3CHttpResponseCodec.decode(W3CHttpResponseCodec.java:50)
	at org.openqa.selenium.remote.HttpCommandExecutor.execute(HttpCommandExecutor.java:215)
	at org.openqa.selenium.remote.TracedCommandExecutor.execute(TracedCommandExecutor.java:53)
	at org.openqa.selenium.remote.RemoteWebDriver.execute(RemoteWebDriver.java:545)
	at org.openqa.selenium.remote.RemoteWebElement.execute(RemoteWebElement.java:223)
	at org.openqa.selenium.remote.RemoteWebElement.click(RemoteWebElement.java:76)
	at Test.LoginTest.AddtocartPage(LoginTest.java:124)
	at java.base/java.util.ArrayList.forEach(ArrayList.java:1597)
	at java.base/java.util.concurrent.FutureTask.run(FutureTask.java:317)
	at java.base/java.util.concurrent.ThreadPoolExecutor.runWorker(ThreadPoolExecutor.java:1144)
	at java.base/java.util.concurrent.ThreadPoolExecutor$Worker.run(ThreadPoolExecutor.java:642)
	at java.base/java.lang.Thread.run(Thread.java:1575)
... Removed 18 stack frames</div></td></tr></table><p class="totop"><a href="#summary">back to summary</a></p>
<h2>SCRUM-36 test</h2><h3 id="m6">Test.TestSet04#try1</h3><table class="result"><tr class="param"><th>Parameter #1</th><th>Parameter #2</th></tr><tr class="param stripe"><td>firefox</td><td>node2</td></tr></table><p class="totop"><a href="#summary">back to summary</a></p>
<h3 id="m7">Test.TestSet04#try2</h3><table class="result"><tr class="param"><th>Parameter #1</th><th>Parameter #2</th></tr><tr class="param stripe"><td>firefox</td><td>node2</td></tr></table><p class="totop"><a href="#summary">back to summary</a></p>
<h3 id="m8">Test.TestSet04#try3</h3><table class="result"><tr class="param"><th>Parameter #1</th><th>Parameter #2</th></tr><tr class="param stripe"><td>firefox</td><td>node2</td></tr></table><p class="totop"><a href="#summary">back to summary</a></p>
<h3 id="m9">Test.TestSet04#try4</h3><table class="result"><tr class="param"><th>Parameter #1</th><th>Parameter #2</th></tr><tr class="param stripe"><td>firefox</td><td>node2</td></tr></table><p class="totop"><a href="#summary">back to summary</a></p>
<h3 id="m10">Test.TestSet04#try5</h3><table class="result"><tr class="param"><th>Parameter #1</th><th>Parameter #2</th></tr><tr class="param stripe"><td>firefox</td><td>node2</td></tr></table><p class="totop"><a href="#summary">back to summary</a></p>
<h2>SCRUM-33 test</h2><h3 id="m11">Test.TestSet01#try1</h3><table class="result"><tr class="param"><th>Parameter #1</th><th>Parameter #2</th></tr><tr class="param stripe"><td>edge</td><td>node1</td></tr><tr><th colspan="2">Exception</th></tr><tr><td colspan="2"><div class="stacktrace">java.lang.AssertionError: expected [true] but found [false]
	at Test.TestSet01.try1(TestSet01.java:21)
	at java.base/java.util.ArrayList.forEach(ArrayList.java:1597)
	at java.base/java.util.concurrent.FutureTask.run(FutureTask.java:317)
	at java.base/java.util.concurrent.ThreadPoolExecutor.runWorker(ThreadPoolExecutor.java:1144)
	at java.base/java.util.concurrent.ThreadPoolExecutor$Worker.run(ThreadPoolExecutor.java:642)
	at java.base/java.lang.Thread.run(Thread.java:1575)
... Removed 22 stack frames</div></td></tr></table><p class="totop"><a href="#summary">back to summary</a></p>
<h3 id="m12">Test.TestSet01#try1</h3><table class="result"><tr class="param"><th>Parameter #1</th><th>Parameter #2</th></tr><tr class="param stripe"><td>edge</td><td>node1</td></tr><tr><th colspan="2">Exception</th></tr><tr><td colspan="2"><div class="stacktrace">java.lang.AssertionError: expected [true] but found [false]
	at Test.TestSet01.try1(TestSet01.java:21)
	at java.base/java.util.ArrayList.forEach(ArrayList.java:1597)
	at java.base/java.util.concurrent.FutureTask.run(FutureTask.java:317)
	at java.base/java.util.concurrent.ThreadPoolExecutor.runWorker(ThreadPoolExecutor.java:1144)
	at java.base/java.util.concurrent.ThreadPoolExecutor$Worker.run(ThreadPoolExecutor.java:642)
	at java.base/java.lang.Thread.run(Thread.java:1575)
... Removed 22 stack frames</div></td></tr></table><p class="totop"><a href="#summary">back to summary</a></p>
<h3 id="m13">Test.TestSet01#try1</h3><table class="result"><tr class="param"><th>Parameter #1</th><th>Parameter #2</th></tr><tr class="param stripe"><td>edge</td><td>node1</td></tr><tr><th colspan="2">Exception</th></tr><tr><td colspan="2"><div class="stacktrace">java.lang.AssertionError: expected [true] but found [false]
	at Test.TestSet01.try1(TestSet01.java:21)
	at java.base/java.util.ArrayList.forEach(ArrayList.java:1597)
	at java.base/java.util.concurrent.FutureTask.run(FutureTask.java:317)
	at java.base/java.util.concurrent.ThreadPoolExecutor.runWorker(ThreadPoolExecutor.java:1144)
	at java.base/java.util.concurrent.ThreadPoolExecutor$Worker.run(ThreadPoolExecutor.java:642)
	at java.base/java.lang.Thread.run(Thread.java:1575)
... Removed 22 stack frames</div></td></tr></table><p class="totop"><a href="#summary">back to summary</a></p>
<h3 id="m14">Test.TestSet01#try2</h3><table class="result"><tr class="param"><th>Parameter #1</th><th>Parameter #2</th></tr><tr class="param stripe"><td>edge</td><td>node1</td></tr></table><p class="totop"><a href="#summary">back to summary</a></p>
<h3 id="m15">Test.TestSet01#try3</h3><table class="result"><tr class="param"><th>Parameter #1</th><th>Parameter #2</th></tr><tr class="param stripe"><td>edge</td><td>node1</td></tr></table><p class="totop"><a href="#summary">back to summary</a></p>
<h3 id="m16">Test.TestSet01#try4</h3><table class="result"><tr class="param"><th>Parameter #1</th><th>Parameter #2</th></tr><tr class="param stripe"><td>edge</td><td>node1</td></tr></table><p class="totop"><a href="#summary">back to summary</a></p>
<h3 id="m17">Test.TestSet01#try5</h3><table class="result"><tr class="param"><th>Parameter #1</th><th>Parameter #2</th></tr><tr class="param stripe"><td>edge</td><td>node1</td></tr></table><p class="totop"><a href="#summary">back to summary</a></p>
<h2>SCRUM-34 test</h2><h3 id="m18">Test.TestSet02#try1</h3><table class="result"><tr class="param"><th>Parameter #1</th><th>Parameter #2</th></tr><tr class="param stripe"><td>firefox</td><td>node2</td></tr></table><p class="totop"><a href="#summary">back to summary</a></p>
<h3 id="m19">Test.TestSet02#try2</h3><table class="result"><tr class="param"><th>Parameter #1</th><th>Parameter #2</th></tr><tr class="param stripe"><td>firefox</td><td>node2</td></tr></table><p class="totop"><a href="#summary">back to summary</a></p>
<h3 id="m20">Test.TestSet02#try3</h3><table class="result"><tr class="param"><th>Parameter #1</th><th>Parameter #2</th></tr><tr class="param stripe"><td>firefox</td><td>node2</td></tr></table><p class="totop"><a href="#summary">back to summary</a></p>
<h3 id="m21">Test.TestSet02#try4</h3><table class="result"><tr class="param"><th>Parameter #1</th><th>Parameter #2</th></tr><tr class="param stripe"><td>firefox</td><td>node2</td></tr></table><p class="totop"><a href="#summary">back to summary</a></p>
<h3 id="m22">Test.TestSet02#try5</h3><table class="result"><tr class="param"><th>Parameter #1</th><th>Parameter #2</th></tr><tr class="param stripe"><td>firefox</td><td>node2</td></tr></table><p class="totop"><a href="#summary">back to summary</a></p>
<h2>SCRUM-37 test</h2><h3 id="m23">Test.TestSet05_rerun#try1</h3><table class="result"><tr class="param"><th>Parameter #1</th><th>Parameter #2</th></tr><tr class="param stripe"><td>edge</td><td>node1</td></tr></table><p class="totop"><a href="#summary">back to summary</a></p>
<h3 id="m24">Test.TestSet05_rerun#try2</h3><table class="result"><tr class="param"><th>Parameter #1</th><th>Parameter #2</th></tr><tr class="param stripe"><td>edge</td><td>node1</td></tr></table><p class="totop"><a href="#summary">back to summary</a></p>
<h3 id="m25">Test.TestSet05_rerun#try3</h3><table class="result"><tr class="param"><th>Parameter #1</th><th>Parameter #2</th></tr><tr class="param stripe"><td>edge</td><td>node1</td></tr></table><p class="totop"><a href="#summary">back to summary</a></p>
<h3 id="m26">Test.TestSet05_rerun#try4</h3><table class="result"><tr class="param"><th>Parameter #1</th><th>Parameter #2</th></tr><tr class="param stripe"><td>edge</td><td>node1</td></tr></table><p class="totop"><a href="#summary">back to summary</a></p>
<h3 id="m27">Test.TestSet05_rerun#try5</h3><table class="result"><tr class="param"><th>Parameter #1</th><th>Parameter #2</th></tr><tr class="param stripe"><td>edge</td><td>node1</td></tr></table><p class="totop"><a href="#summary">back to summary</a></p>
</body>
</html>
